{
  "stats": {
    "suites": 1,
    "tests": 1,
    "passes": 0,
    "pending": 0,
    "failures": 1,
    "start": "2023-01-26T15:00:53.423Z",
    "end": "2023-01-26T15:01:07.111Z",
    "duration": 13688,
    "testsRegistered": 1,
    "passPercent": 0,
    "pendingPercent": 0,
    "other": 0,
    "hasOther": false,
    "skipped": 0,
    "hasSkipped": false
  },
  "results": [
    {
      "uuid": "3115dff5-cbe3-4e39-8982-e9ef633d3bdb",
      "title": "",
      "fullFile": "cypress/e2e/formPage.cy.js",
      "file": "cypress/e2e/formPage.cy.js",
      "beforeHooks": [],
      "afterHooks": [],
      "tests": [],
      "suites": [
        {
          "uuid": "007cc27e-3620-4d84-90fd-d9c06ce9f89f",
          "title": "Student Form",
          "fullFile": "",
          "file": "",
          "beforeHooks": [],
          "afterHooks": [],
          "tests": [
            {
              "title": "1/ Complete form with all the information",
              "fullTitle": "Student Form 1/ Complete form with all the information",
              "timedOut": null,
              "duration": 13656,
              "state": "failed",
              "speed": null,
              "pass": false,
              "fail": true,
              "pending": false,
              "context": null,
              "code": "cy.addStudent(defaultStudent);\n//starting validate\ncy.get('#example-modal-sizes-title-lg').contains('Thanks for submitting the form').should('be.visible');\ncy.get('thead').first().within(() => {\n  cy.contains('Label').should('be.visible');\n  cy.contains('Values').should('be.visible');\n});\ncy.get('tbody').within(() => {\n  cy.get('tr:nth-child(1)').contains('Student Name').and('be.visible').next().should('have.text', `${defaultStudent.name + ' ' + defaultStudent.lastName}`);\n  cy.get('tr:nth-child(2)').contains('Student Email').and('be.visible').next().and('have.text', `${defaultStudent.email}`);\n  cy.get('tr:nth-child(3)').focused().contains('Gender').and('be.visible').next().and('have.text', `${defaultStudent.gender}`);\n  cy.get('tr:nth-child(4)').contains('Mobile').and('be.visible').next().and('have.text', `${defaultStudent.phone}`);\n  cy.get('tr:nth-child(5)').contains('Date of Birth').and('be.visible').next().and('have.text', `${defaultStudent.day + ' ' + defaultStudent.getMonth() + ',' + defaultStudent.year}`);\n  cy.get('tr:nth-child(6)').contains('Subjects').and('exist').next().and('have.text', `${defaultStudent.subjects[0] + ', ' + defaultStudent.subjects[1] + ', ' + defaultStudent.subjects[2]}`);\n  resultHobbies = returnHobbiesName(defaultStudent);\n  cy.get('tr:nth-child(7)').contains('Hobbies').and('be.visible').next().and('have.text', resultHobbies);\n  cy.get('tr:nth-child(8)').contains('Picture').and('be.visible').next().and('have.text', 'picture.jpg');\n  cy.get('tr:nth-child(9)').contains('Address').and('exist').next().and('have.text', `${defaultStudent.address}`);\n  cy.get('tr:nth-child(10)').contains('State and City').and('exist').next().and('exist').and('have.text', `${defaultStudent.state + ' ' + defaultStudent.city}`);\n});\ncy.get('#closeLargeModal').click({\n  force: true\n});",
              "err": {
                "message": "AssertionError: Timed out retrying after 4000ms: expected '<div.subjects-auto-complete__value-container.subjects-auto-complete__value-container--is-multi.subjects-auto-complete__value-container--has-value.css-1hwfws3>' to have text 'MathsChemistryEnglish', but the text was 'ChemistryEnglish'",
                "estack": "AssertionError: Timed out retrying after 4000ms: expected '<div.subjects-auto-complete__value-container.subjects-auto-complete__value-container--is-multi.subjects-auto-complete__value-container--has-value.css-1hwfws3>' to have text 'MathsChemistryEnglish', but the text was 'ChemistryEnglish'\n    at Context.eval (webpack:///./cypress/support/commands.js:61:54)",
                "diff": "- 'ChemistryEnglish'\n+ 'MathsChemistryEnglish'\n"
              },
              "uuid": "3798308e-9146-4878-9c37-d91d378dfff3",
              "parentUUID": "007cc27e-3620-4d84-90fd-d9c06ce9f89f",
              "isHook": false,
              "skipped": false
            }
          ],
          "suites": [],
          "passes": [],
          "failures": [
            "3798308e-9146-4878-9c37-d91d378dfff3"
          ],
          "pending": [],
          "skipped": [],
          "duration": 13656,
          "root": false,
          "rootEmpty": false,
          "_timeout": 2000
        }
      ],
      "passes": [],
      "failures": [],
      "pending": [],
      "skipped": [],
      "duration": 0,
      "root": true,
      "rootEmpty": true,
      "_timeout": 2000
    }
  ],
  "meta": {
    "mocha": {
      "version": "7.0.1"
    },
    "mochawesome": {
      "options": {
        "quiet": false,
        "reportFilename": "mochawesome",
        "saveHtml": false,
        "saveJson": true,
        "consoleReporter": "spec",
        "useInlineDiffs": false,
        "code": true
      },
      "version": "7.1.3"
    },
    "marge": {
      "options": {
        "reportDir": "cypress/results",
        "overwrite": false,
        "html": false,
        "json": true
      },
      "version": "6.2.0"
    }
  }
}